[2019-11-24 21:57:28,611] INFO Starting the log cleaner (kafka.log.LogCleaner)
[2019-11-24 21:57:28,689] INFO [kafka-log-cleaner-thread-0]: Starting (kafka.log.LogCleaner)
[2019-11-24 21:57:29,880] INFO Shutting down the log cleaner. (kafka.log.LogCleaner)
[2019-11-24 21:57:29,880] INFO [kafka-log-cleaner-thread-0]: Shutting down (kafka.log.LogCleaner)
[2019-11-24 21:57:29,880] INFO [kafka-log-cleaner-thread-0]: Stopped (kafka.log.LogCleaner)
[2019-11-24 21:57:29,880] INFO [kafka-log-cleaner-thread-0]: Shutdown completed (kafka.log.LogCleaner)
[2019-11-24 21:57:49,774] INFO Starting the log cleaner (kafka.log.LogCleaner)
[2019-11-24 21:57:49,843] INFO [kafka-log-cleaner-thread-0]: Starting (kafka.log.LogCleaner)
[2019-11-24 22:00:43,884] INFO The cleaning for partition testTopicName-0 is aborted and paused (kafka.log.LogCleaner)
[2019-11-24 22:00:43,886] INFO The cleaning for partition testTopicName-0 is aborted (kafka.log.LogCleaner)
[2019-11-24 22:02:53,857] INFO Starting the log cleaner (kafka.log.LogCleaner)
[2019-11-24 22:02:53,917] INFO [kafka-log-cleaner-thread-0]: Starting (kafka.log.LogCleaner)
[2019-11-24 22:02:53,939] INFO Cleaner 0: Beginning cleaning of log __consumer_offsets-36. (kafka.log.LogCleaner)
[2019-11-24 22:02:53,939] INFO Cleaner 0: Building offset map for __consumer_offsets-36... (kafka.log.LogCleaner)
[2019-11-24 22:02:53,960] INFO Cleaner 0: Building offset map for log __consumer_offsets-36 for 1 segments in offset range [0, 7). (kafka.log.LogCleaner)
[2019-11-24 22:02:53,977] INFO Cleaner 0: Offset map for log __consumer_offsets-36 complete. (kafka.log.LogCleaner)
[2019-11-24 22:02:53,987] INFO Cleaner 0: Cleaning log __consumer_offsets-36 (cleaning prior to Sat Nov 23 17:29:21 CST 2019, discarding tombstones prior to Wed Dec 31 18:00:00 CST 1969)... (kafka.log.LogCleaner)
[2019-11-24 22:02:53,992] INFO Cleaner 0: Cleaning segment 0 in log __consumer_offsets-36 (largest timestamp Sat Nov 23 17:29:21 CST 2019) into 0, retaining deletes. (kafka.log.LogCleaner)
[2019-11-24 22:02:54,080] INFO Cleaner 0: Swapping in cleaned segment LogSegment(baseOffset=0, size=221) for segment(s) List(LogSegment(baseOffset=0, size=1470)) in log Log(D:\tmp\kafka-logs\__consumer_offsets-36) (kafka.log.LogCleaner)
[2019-11-24 22:03:01,719] INFO Starting the log cleaner (kafka.log.LogCleaner)
[2019-11-24 22:03:01,782] INFO [kafka-log-cleaner-thread-0]: Starting (kafka.log.LogCleaner)
[2019-11-24 22:03:01,804] INFO Cleaner 0: Beginning cleaning of log __consumer_offsets-36. (kafka.log.LogCleaner)
[2019-11-24 22:03:01,805] INFO Cleaner 0: Building offset map for __consumer_offsets-36... (kafka.log.LogCleaner)
[2019-11-24 22:03:01,824] INFO Cleaner 0: Building offset map for log __consumer_offsets-36 for 1 segments in offset range [0, 7). (kafka.log.LogCleaner)
[2019-11-24 22:03:01,841] INFO Cleaner 0: Offset map for log __consumer_offsets-36 complete. (kafka.log.LogCleaner)
[2019-11-24 22:03:01,847] INFO Cleaner 0: Cleaning log __consumer_offsets-36 (cleaning prior to Sat Nov 23 17:29:21 CST 2019, discarding tombstones prior to Wed Dec 31 18:00:00 CST 1969)... (kafka.log.LogCleaner)
[2019-11-24 22:03:01,851] INFO Cleaner 0: Cleaning segment 0 in log __consumer_offsets-36 (largest timestamp Sat Nov 23 17:29:21 CST 2019) into 0, retaining deletes. (kafka.log.LogCleaner)
[2019-11-24 22:03:01,938] INFO Cleaner 0: Swapping in cleaned segment LogSegment(baseOffset=0, size=221) for segment(s) List(LogSegment(baseOffset=0, size=1470)) in log Log(D:\tmp\kafka-logs\__consumer_offsets-36) (kafka.log.LogCleaner)
[2019-11-24 22:03:20,816] INFO Starting the log cleaner (kafka.log.LogCleaner)
[2019-11-24 22:03:20,906] INFO [kafka-log-cleaner-thread-0]: Starting (kafka.log.LogCleaner)
[2019-11-24 22:03:20,929] INFO Cleaner 0: Beginning cleaning of log __consumer_offsets-36. (kafka.log.LogCleaner)
[2019-11-24 22:03:20,929] INFO Cleaner 0: Building offset map for __consumer_offsets-36... (kafka.log.LogCleaner)
[2019-11-24 22:03:20,947] INFO Cleaner 0: Building offset map for log __consumer_offsets-36 for 1 segments in offset range [0, 7). (kafka.log.LogCleaner)
[2019-11-24 22:03:20,964] INFO Cleaner 0: Offset map for log __consumer_offsets-36 complete. (kafka.log.LogCleaner)
[2019-11-24 22:03:20,971] INFO Cleaner 0: Cleaning log __consumer_offsets-36 (cleaning prior to Sat Nov 23 17:29:21 CST 2019, discarding tombstones prior to Wed Dec 31 18:00:00 CST 1969)... (kafka.log.LogCleaner)
[2019-11-24 22:03:20,974] INFO Cleaner 0: Cleaning segment 0 in log __consumer_offsets-36 (largest timestamp Sat Nov 23 17:29:21 CST 2019) into 0, retaining deletes. (kafka.log.LogCleaner)
[2019-11-24 22:03:21,072] INFO Cleaner 0: Swapping in cleaned segment LogSegment(baseOffset=0, size=221) for segment(s) List(LogSegment(baseOffset=0, size=1470)) in log Log(D:\tmp\kafka-logs\__consumer_offsets-36) (kafka.log.LogCleaner)
[2019-11-24 22:04:18,404] INFO Starting the log cleaner (kafka.log.LogCleaner)
[2019-11-24 22:04:18,470] INFO [kafka-log-cleaner-thread-0]: Starting (kafka.log.LogCleaner)
[2019-11-24 22:04:18,494] INFO Cleaner 0: Beginning cleaning of log __consumer_offsets-36. (kafka.log.LogCleaner)
[2019-11-24 22:04:18,494] INFO Cleaner 0: Building offset map for __consumer_offsets-36... (kafka.log.LogCleaner)
[2019-11-24 22:04:18,513] INFO Cleaner 0: Building offset map for log __consumer_offsets-36 for 1 segments in offset range [0, 7). (kafka.log.LogCleaner)
[2019-11-24 22:04:18,531] INFO Cleaner 0: Offset map for log __consumer_offsets-36 complete. (kafka.log.LogCleaner)
[2019-11-24 22:04:18,539] INFO Cleaner 0: Cleaning log __consumer_offsets-36 (cleaning prior to Sat Nov 23 17:29:21 CST 2019, discarding tombstones prior to Wed Dec 31 18:00:00 CST 1969)... (kafka.log.LogCleaner)
[2019-11-24 22:04:18,543] INFO Cleaner 0: Cleaning segment 0 in log __consumer_offsets-36 (largest timestamp Sat Nov 23 17:29:21 CST 2019) into 0, retaining deletes. (kafka.log.LogCleaner)
[2019-11-24 22:04:18,639] INFO Cleaner 0: Swapping in cleaned segment LogSegment(baseOffset=0, size=221) for segment(s) List(LogSegment(baseOffset=0, size=1470)) in log Log(D:\tmp\kafka-logs\__consumer_offsets-36) (kafka.log.LogCleaner)
[2019-11-24 22:05:31,182] INFO Starting the log cleaner (kafka.log.LogCleaner)
[2019-11-24 22:05:31,254] INFO [kafka-log-cleaner-thread-0]: Starting (kafka.log.LogCleaner)
[2019-11-24 22:05:38,305] INFO The cleaning for partition testTopicName-0 is aborted and paused (kafka.log.LogCleaner)
[2019-11-24 22:05:38,307] INFO The cleaning for partition testTopicName-0 is aborted (kafka.log.LogCleaner)
[2019-11-24 22:11:34,191] INFO Starting the log cleaner (kafka.log.LogCleaner)
[2019-11-24 22:11:34,257] INFO [kafka-log-cleaner-thread-0]: Starting (kafka.log.LogCleaner)
[2019-11-24 22:14:34,558] INFO The cleaning for partition testTopicName-0 is aborted and paused (kafka.log.LogCleaner)
[2019-11-24 22:14:34,558] INFO The cleaning for partition testTopicName-0 is aborted (kafka.log.LogCleaner)
[2019-11-24 22:16:10,911] INFO Starting the log cleaner (kafka.log.LogCleaner)
[2019-11-24 22:16:10,978] INFO [kafka-log-cleaner-thread-0]: Starting (kafka.log.LogCleaner)
[2019-11-24 22:31:13,838] INFO Starting the log cleaner (kafka.log.LogCleaner)
[2019-11-24 22:31:13,915] INFO [kafka-log-cleaner-thread-0]: Starting (kafka.log.LogCleaner)
[2019-11-24 22:37:20,457] INFO Starting the log cleaner (kafka.log.LogCleaner)
[2019-11-24 22:37:20,518] INFO [kafka-log-cleaner-thread-0]: Starting (kafka.log.LogCleaner)
[2019-11-24 22:37:21,515] INFO Shutting down the log cleaner. (kafka.log.LogCleaner)
[2019-11-24 22:37:21,515] INFO [kafka-log-cleaner-thread-0]: Shutting down (kafka.log.LogCleaner)
[2019-11-24 22:37:21,515] INFO [kafka-log-cleaner-thread-0]: Stopped (kafka.log.LogCleaner)
[2019-11-24 22:37:21,515] INFO [kafka-log-cleaner-thread-0]: Shutdown completed (kafka.log.LogCleaner)
[2019-11-24 22:37:36,265] INFO Starting the log cleaner (kafka.log.LogCleaner)
[2019-11-24 22:37:36,326] INFO [kafka-log-cleaner-thread-0]: Starting (kafka.log.LogCleaner)
[2019-11-24 22:39:04,320] INFO Starting the log cleaner (kafka.log.LogCleaner)
[2019-11-24 22:39:04,398] INFO [kafka-log-cleaner-thread-0]: Starting (kafka.log.LogCleaner)
[2019-11-24 22:39:05,433] INFO Shutting down the log cleaner. (kafka.log.LogCleaner)
[2019-11-24 22:39:05,433] INFO [kafka-log-cleaner-thread-0]: Shutting down (kafka.log.LogCleaner)
[2019-11-24 22:39:05,433] INFO [kafka-log-cleaner-thread-0]: Stopped (kafka.log.LogCleaner)
[2019-11-24 22:39:05,434] INFO [kafka-log-cleaner-thread-0]: Shutdown completed (kafka.log.LogCleaner)
[2019-11-24 22:40:42,159] INFO Starting the log cleaner (kafka.log.LogCleaner)
[2019-11-24 22:40:42,228] INFO [kafka-log-cleaner-thread-0]: Starting (kafka.log.LogCleaner)
[2019-11-24 23:09:11,010] INFO Starting the log cleaner (kafka.log.LogCleaner)
[2019-11-24 23:09:11,077] INFO [kafka-log-cleaner-thread-0]: Starting (kafka.log.LogCleaner)
[2019-11-24 23:09:12,087] INFO Shutting down the log cleaner. (kafka.log.LogCleaner)
[2019-11-24 23:09:12,087] INFO [kafka-log-cleaner-thread-0]: Shutting down (kafka.log.LogCleaner)
[2019-11-24 23:09:12,088] INFO [kafka-log-cleaner-thread-0]: Stopped (kafka.log.LogCleaner)
[2019-11-24 23:09:12,088] INFO [kafka-log-cleaner-thread-0]: Shutdown completed (kafka.log.LogCleaner)
[2019-11-24 23:09:26,400] INFO Starting the log cleaner (kafka.log.LogCleaner)
[2019-11-24 23:09:26,464] INFO [kafka-log-cleaner-thread-0]: Starting (kafka.log.LogCleaner)
[2019-11-24 23:11:08,850] INFO Starting the log cleaner (kafka.log.LogCleaner)
[2019-11-24 23:11:08,936] INFO [kafka-log-cleaner-thread-0]: Starting (kafka.log.LogCleaner)
[2019-11-24 23:11:09,967] INFO Shutting down the log cleaner. (kafka.log.LogCleaner)
[2019-11-24 23:11:09,967] INFO [kafka-log-cleaner-thread-0]: Shutting down (kafka.log.LogCleaner)
[2019-11-24 23:11:09,967] INFO [kafka-log-cleaner-thread-0]: Stopped (kafka.log.LogCleaner)
[2019-11-24 23:11:09,967] INFO [kafka-log-cleaner-thread-0]: Shutdown completed (kafka.log.LogCleaner)
[2019-11-24 23:11:23,683] INFO Starting the log cleaner (kafka.log.LogCleaner)
[2019-11-24 23:11:23,781] INFO [kafka-log-cleaner-thread-0]: Starting (kafka.log.LogCleaner)
[2019-11-25 17:13:58,759] INFO Starting the log cleaner (kafka.log.LogCleaner)
[2019-11-25 17:13:58,828] INFO [kafka-log-cleaner-thread-0]: Starting (kafka.log.LogCleaner)
[2019-11-25 18:10:27,429] INFO Starting the log cleaner (kafka.log.LogCleaner)
[2019-11-25 18:10:27,523] INFO [kafka-log-cleaner-thread-0]: Starting (kafka.log.LogCleaner)
[2019-11-25 18:13:46,320] INFO Starting the log cleaner (kafka.log.LogCleaner)
[2019-11-25 18:13:46,392] INFO [kafka-log-cleaner-thread-0]: Starting (kafka.log.LogCleaner)
[2019-12-29 14:21:18,305] INFO Starting the log cleaner (kafka.log.LogCleaner)
[2019-12-29 14:21:18,518] INFO [kafka-log-cleaner-thread-0]: Starting (kafka.log.LogCleaner)
[2019-12-29 14:21:33,638] INFO Cleaner 0: Beginning cleaning of log __consumer_offsets-16. (kafka.log.LogCleaner)
[2019-12-29 14:21:33,638] INFO Cleaner 0: Building offset map for __consumer_offsets-16... (kafka.log.LogCleaner)
[2019-12-29 14:21:33,652] INFO Cleaner 0: Building offset map for log __consumer_offsets-16 for 1 segments in offset range [0, 5). (kafka.log.LogCleaner)
[2019-12-29 14:21:33,664] INFO Cleaner 0: Offset map for log __consumer_offsets-16 complete. (kafka.log.LogCleaner)
[2019-12-29 14:21:33,673] INFO Cleaner 0: Cleaning log __consumer_offsets-16 (cleaning prior to Sun Dec 01 12:13:46 CST 2019, discarding tombstones prior to Wed Dec 31 18:00:00 CST 1969)... (kafka.log.LogCleaner)
[2019-12-29 14:21:33,676] INFO Cleaner 0: Cleaning segment 0 in log __consumer_offsets-16 (largest timestamp Sun Dec 01 12:13:46 CST 2019) into 0, retaining deletes. (kafka.log.LogCleaner)
[2019-12-29 14:21:33,874] INFO Cleaner 0: Swapping in cleaned segment LogSegment(baseOffset=0, size=94) for segment(s) List(LogSegment(baseOffset=0, size=1010)) in log Log(D:\tmp\kafka-logs\__consumer_offsets-16) (kafka.log.LogCleaner)
[2019-12-29 14:21:33,957] INFO Cleaner 0: Beginning cleaning of log __consumer_offsets-16. (kafka.log.LogCleaner)
[2019-12-29 14:21:33,957] INFO Cleaner 0: Building offset map for __consumer_offsets-16... (kafka.log.LogCleaner)
[2019-12-29 14:21:33,996] INFO Cleaner 0: Building offset map for log __consumer_offsets-16 for 1 segments in offset range [0, 5). (kafka.log.LogCleaner)
[2019-12-29 14:21:33,998] INFO Cleaner 0: Offset map for log __consumer_offsets-16 complete. (kafka.log.LogCleaner)
[2019-12-29 14:21:33,999] INFO Cleaner 0: Cleaning log __consumer_offsets-16 (cleaning prior to Sun Dec 01 12:13:46 CST 2019, discarding tombstones prior to Wed Dec 31 18:00:00 CST 1969)... (kafka.log.LogCleaner)
[2019-12-29 14:22:41,652] INFO Starting the log cleaner (kafka.log.LogCleaner)
[2019-12-29 14:22:41,712] INFO [kafka-log-cleaner-thread-0]: Starting (kafka.log.LogCleaner)
[2020-01-01 07:16:33,515] INFO Starting the log cleaner (kafka.log.LogCleaner)
[2020-01-01 07:16:33,587] INFO [kafka-log-cleaner-thread-0]: Starting (kafka.log.LogCleaner)
[2020-01-01 07:16:34,661] INFO Shutting down the log cleaner. (kafka.log.LogCleaner)
[2020-01-01 07:16:34,661] INFO [kafka-log-cleaner-thread-0]: Shutting down (kafka.log.LogCleaner)
[2020-01-01 07:16:34,661] INFO [kafka-log-cleaner-thread-0]: Stopped (kafka.log.LogCleaner)
[2020-01-01 07:16:34,661] INFO [kafka-log-cleaner-thread-0]: Shutdown completed (kafka.log.LogCleaner)
[2020-01-01 07:26:20,442] INFO Starting the log cleaner (kafka.log.LogCleaner)
[2020-01-01 07:26:20,529] INFO [kafka-log-cleaner-thread-0]: Starting (kafka.log.LogCleaner)
[2020-01-01 07:28:05,931] INFO Starting the log cleaner (kafka.log.LogCleaner)
[2020-01-01 07:28:05,991] INFO [kafka-log-cleaner-thread-0]: Starting (kafka.log.LogCleaner)
[2020-01-01 07:28:44,985] INFO Starting the log cleaner (kafka.log.LogCleaner)
[2020-01-01 07:28:45,046] INFO [kafka-log-cleaner-thread-0]: Starting (kafka.log.LogCleaner)
[2020-01-16 19:29:33,540] INFO Starting the log cleaner (kafka.log.LogCleaner)
[2020-01-16 19:29:33,630] INFO [kafka-log-cleaner-thread-0]: Starting (kafka.log.LogCleaner)
[2020-01-21 20:21:36,372] INFO Starting the log cleaner (kafka.log.LogCleaner)
[2020-01-21 20:21:36,743] INFO [kafka-log-cleaner-thread-0]: Starting (kafka.log.LogCleaner)
[2020-02-01 11:33:01,196] INFO Starting the log cleaner (kafka.log.LogCleaner)
[2020-02-01 11:33:01,279] INFO [kafka-log-cleaner-thread-0]: Starting (kafka.log.LogCleaner)
[2020-02-05 16:59:41,327] INFO Starting the log cleaner (kafka.log.LogCleaner)
[2020-02-05 16:59:41,542] INFO [kafka-log-cleaner-thread-0]: Starting (kafka.log.LogCleaner)
[2020-02-16 09:18:14,984] INFO Starting the log cleaner (kafka.log.LogCleaner)
[2020-02-16 09:18:15,242] INFO [kafka-log-cleaner-thread-0]: Starting (kafka.log.LogCleaner)
